# JRE version: Java(TM) SE Runtime Environment (21.0.6+8) (build 21.0.6+8-LTS-188)
# Java VM: Java HotSpot(TM) 64-Bit Server VM (21.0.6+8-LTS-188, mixed mode, sharing, tiered, compressed oops, compressed class ptrs, g1 gc, windows-amd64)
GC Precious Log:
 CardTable entry size: 512
 Card Set container configuration: InlinePtr #cards 4 size 8 Array Of Cards #cards 16 size 48 Howl #buckets 8 coarsen threshold 3686 Howl Bitmap #cards 512 size 80 coarsen threshold 460 Card regions per heap region 1 cards per card region 4096
 CPUs: 16 total, 16 available
 Memory: 15664M
 Large Page Support: Disabled
 NUMA Support: Disabled
 Compressed Oops: Enabled (Zero based)
 Heap Region Size: 2M
 Heap Min Capacity: 8M
 Heap Initial Capacity: 246M
 Heap Max Capacity: 3918M
 Pre-touch: Disabled
 Parallel Workers: 13
 Concurrent Workers: 3
 Concurrent Refinement Workers: 13
 Periodic GC: Disabled
Heap:
 garbage-first heap   total 104448K, used 81274K [0x000000070b200000, 0x0000000800000000)
  region size 2048K, 21 young (43008K), 2 survivors (4096K)
 Metaspace       used 62338K, committed 63232K, reserved 1114112K
  class space    used 8083K, committed 8512K, reserved 1048576K
GC Heap History (20 events):
Event: 0.533 GC heap before
{Heap before GC invocations=1 (full 0):
 garbage-first heap   total 251904K, used 29075K [0x000000070b200000, 0x0000000800000000)
  region size 2048K, 13 young (26624K), 2 survivors (4096K)
 Metaspace       used 6542K, committed 6784K, reserved 1114112K
  class space    used 694K, committed 832K, reserved 1048576K
}
Event: 0.536 GC heap after
{Heap after GC invocations=2 (full 0):
 garbage-first heap   total 251904K, used 14210K [0x000000070b200000, 0x0000000800000000)
  region size 2048K, 2 young (4096K), 2 survivors (4096K)
 Metaspace       used 6542K, committed 6784K, reserved 1114112K
  class space    used 694K, committed 832K, reserved 1048576K
}
Event: 0.979 GC heap before
{Heap before GC invocations=2 (full 0):
 garbage-first heap   total 251904K, used 49026K [0x000000070b200000, 0x0000000800000000)
  region size 2048K, 20 young (40960K), 2 survivors (4096K)
 Metaspace       used 14529K, committed 14912K, reserved 1114112K
  class space    used 1628K, committed 1792K, reserved 1048576K
}
Event: 0.982 GC heap after
{Heap after GC invocations=3 (full 0):
 garbage-first heap   total 251904K, used 17004K [0x000000070b200000, 0x0000000800000000)
  region size 2048K, 2 young (4096K), 2 survivors (4096K)
 Metaspace       used 14529K, committed 14912K, reserved 1114112K
  class space    used 1628K, committed 1792K, reserved 1048576K
}
Event: 5.295 GC heap before
{Heap before GC invocations=3 (full 0):
 garbage-first heap   total 251904K, used 41580K [0x000000070b200000, 0x0000000800000000)
  region size 2048K, 15 young (30720K), 2 survivors (4096K)
 Metaspace       used 21181K, committed 21504K, reserved 1114112K
  class space    used 2529K, committed 2688K, reserved 1048576K
}
Event: 5.298 GC heap after
{Heap after GC invocations=4 (full 0):
 garbage-first heap   total 251904K, used 19083K [0x000000070b200000, 0x0000000800000000)
  region size 2048K, 3 young (6144K), 3 survivors (6144K)
 Metaspace       used 21181K, committed 21504K, reserved 1114112K
  class space    used 2529K, committed 2688K, reserved 1048576K
}
Event: 5.965 GC heap before
{Heap before GC invocations=5 (full 0):
 garbage-first heap   total 75776K, used 74379K [0x000000070b200000, 0x0000000800000000)
  region size 2048K, 30 young (61440K), 3 survivors (6144K)
 Metaspace       used 26882K, committed 27328K, reserved 1114112K
  class space    used 3210K, committed 3456K, reserved 1048576K
}
Event: 5.969 GC heap after
{Heap after GC invocations=6 (full 0):
 garbage-first heap   total 86016K, used 23340K [0x000000070b200000, 0x0000000800000000)
  region size 2048K, 5 young (10240K), 5 survivors (10240K)
 Metaspace       used 26882K, committed 27328K, reserved 1114112K
  class space    used 3210K, committed 3456K, reserved 1048576K
}
Event: 6.660 GC heap before
{Heap before GC invocations=6 (full 0):
 garbage-first heap   total 86016K, used 64300K [0x000000070b200000, 0x0000000800000000)
  region size 2048K, 25 young (51200K), 5 survivors (10240K)
 Metaspace       used 32707K, committed 33152K, reserved 1114112K
  class space    used 3997K, committed 4224K, reserved 1048576K
}
Event: 6.666 GC heap after
{Heap after GC invocations=7 (full 0):
 garbage-first heap   total 86016K, used 26365K [0x000000070b200000, 0x0000000800000000)
  region size 2048K, 4 young (8192K), 4 survivors (8192K)
 Metaspace       used 32707K, committed 33152K, reserved 1114112K
  class space    used 3997K, committed 4224K, reserved 1048576K
}
Event: 7.050 GC heap before
{Heap before GC invocations=7 (full 0):
 garbage-first heap   total 86016K, used 67325K [0x000000070b200000, 0x0000000800000000)
  region size 2048K, 25 young (51200K), 4 survivors (8192K)
 Metaspace       used 35538K, committed 36096K, reserved 1114112K
  class space    used 4357K, committed 4608K, reserved 1048576K
}
Event: 7.056 GC heap after
{Heap after GC invocations=8 (full 0):
 garbage-first heap   total 86016K, used 31113K [0x000000070b200000, 0x0000000800000000)
  region size 2048K, 3 young (6144K), 3 survivors (6144K)
 Metaspace       used 35538K, committed 36096K, reserved 1114112K
  class space    used 4357K, committed 4608K, reserved 1048576K
}
Event: 7.064 GC heap before
{Heap before GC invocations=8 (full 0):
 garbage-first heap   total 86016K, used 31113K [0x000000070b200000, 0x0000000800000000)
  region size 2048K, 4 young (8192K), 3 survivors (6144K)
 Metaspace       used 35558K, committed 36096K, reserved 1114112K
  class space    used 4360K, committed 4608K, reserved 1048576K
}
Event: 7.066 GC heap after
{Heap after GC invocations=9 (full 0):
 garbage-first heap   total 104448K, used 31983K [0x000000070b200000, 0x0000000800000000)
  region size 2048K, 1 young (2048K), 1 survivors (2048K)
 Metaspace       used 35558K, committed 36096K, reserved 1114112K
  class space    used 4360K, committed 4608K, reserved 1048576K
}
Event: 7.802 GC heap before
{Heap before GC invocations=10 (full 0):
 garbage-first heap   total 104448K, used 83183K [0x000000070b200000, 0x0000000800000000)
  region size 2048K, 27 young (55296K), 1 survivors (2048K)
 Metaspace       used 43387K, committed 44032K, reserved 1114112K
  class space    used 5470K, committed 5760K, reserved 1048576K
}
Event: 7.805 GC heap after
{Heap after GC invocations=11 (full 0):
 garbage-first heap   total 104448K, used 36200K [0x000000070b200000, 0x0000000800000000)
  region size 2048K, 3 young (6144K), 3 survivors (6144K)
 Metaspace       used 43387K, committed 44032K, reserved 1114112K
  class space    used 5470K, committed 5760K, reserved 1048576K
}
Event: 9.589 GC heap before
{Heap before GC invocations=11 (full 0):
 garbage-first heap   total 104448K, used 85352K [0x000000070b200000, 0x0000000800000000)
  region size 2048K, 27 young (55296K), 3 survivors (6144K)
 Metaspace       used 50526K, committed 51264K, reserved 1114112K
  class space    used 6599K, committed 6912K, reserved 1048576K
}
Event: 9.594 GC heap after
{Heap after GC invocations=12 (full 0):
 garbage-first heap   total 104448K, used 42937K [0x000000070b200000, 0x0000000800000000)
  region size 2048K, 4 young (8192K), 4 survivors (8192K)
 Metaspace       used 50526K, committed 51264K, reserved 1114112K
  class space    used 6599K, committed 6912K, reserved 1048576K
}
Event: 38.658 GC heap before
{Heap before GC invocations=12 (full 0):
 garbage-first heap   total 104448K, used 77753K [0x000000070b200000, 0x0000000800000000)
  region size 2048K, 23 young (47104K), 4 survivors (8192K)
 Metaspace       used 59485K, committed 60288K, reserved 1114112K
  class space    used 7768K, committed 8128K, reserved 1048576K
}
Event: 38.662 GC heap after
{Heap after GC invocations=13 (full 0):
 garbage-first heap   total 104448K, used 46458K [0x000000070b200000, 0x0000000800000000)
  region size 2048K, 2 young (4096K), 2 survivors (4096K)
 Metaspace       used 59485K, committed 60288K, reserved 1114112K
  class space    used 7768K, committed 8128K, reserved 1048576K
}

