# JRE version: Java(TM) SE Runtime Environment (21.0.6+8) (build 21.0.6+8-LTS-188)
# Java VM: Java HotSpot(TM) 64-Bit Server VM (21.0.6+8-LTS-188, mixed mode, sharing, tiered, compressed oops, compressed class ptrs, g1 gc, windows-amd64)
GC Precious Log:
 CardTable entry size: 512
 Card Set container configuration: InlinePtr #cards 4 size 8 Array Of Cards #cards 16 size 48 Howl #buckets 8 coarsen threshold 3686 Howl Bitmap #cards 512 size 80 coarsen threshold 460 Card regions per heap region 1 cards per card region 4096
 CPUs: 16 total, 16 available
 Memory: 15664M
 Large Page Support: Disabled
 NUMA Support: Disabled
 Compressed Oops: Enabled (Zero based)
 Heap Region Size: 2M
 Heap Min Capacity: 8M
 Heap Initial Capacity: 246M
 Heap Max Capacity: 3918M
 Pre-touch: Disabled
 Parallel Workers: 13
 Concurrent Workers: 3
 Concurrent Refinement Workers: 13
 Periodic GC: Disabled
Heap:
 garbage-first heap   total 145408K, used 65187K [0x000000070b200000, 0x0000000800000000)
  region size 2048K, 4 young (8192K), 3 survivors (6144K)
 Metaspace       used 83442K, committed 84352K, reserved 1179648K
  class space    used 11295K, committed 11712K, reserved 1048576K
GC Heap History (20 events):
Event: 6.477 GC heap before
{Heap before GC invocations=9 (full 0):
 garbage-first heap   total 116736K, used 109909K [0x000000070b200000, 0x0000000800000000)
  region size 2048K, 40 young (81920K), 2 survivors (4096K)
 Metaspace       used 43602K, committed 44160K, reserved 1114112K
  class space    used 5603K, committed 5888K, reserved 1048576K
}
Event: 6.485 GC heap after
{Heap after GC invocations=10 (full 0):
 garbage-first heap   total 120832K, used 37241K [0x000000070b200000, 0x0000000800000000)
  region size 2048K, 5 young (10240K), 5 survivors (10240K)
 Metaspace       used 43602K, committed 44160K, reserved 1114112K
  class space    used 5603K, committed 5888K, reserved 1048576K
}
Event: 7.050 GC heap before
{Heap before GC invocations=10 (full 0):
 garbage-first heap   total 120832K, used 96633K [0x000000070b200000, 0x0000000800000000)
  region size 2048K, 35 young (71680K), 5 survivors (10240K)
 Metaspace       used 46387K, committed 46976K, reserved 1114112K
  class space    used 5898K, committed 6208K, reserved 1048576K
}
Event: 7.059 GC heap after
{Heap after GC invocations=11 (full 0):
 garbage-first heap   total 120832K, used 40883K [0x000000070b200000, 0x0000000800000000)
  region size 2048K, 3 young (6144K), 3 survivors (6144K)
 Metaspace       used 46387K, committed 46976K, reserved 1114112K
  class space    used 5898K, committed 6208K, reserved 1048576K
}
Event: 7.865 GC heap before
{Heap before GC invocations=11 (full 0):
 garbage-first heap   total 120832K, used 100275K [0x000000070b200000, 0x0000000800000000)
  region size 2048K, 32 young (65536K), 3 survivors (6144K)
 Metaspace       used 52932K, committed 53632K, reserved 1114112K
  class space    used 6852K, committed 7168K, reserved 1048576K
}
Event: 7.869 GC heap after
{Heap after GC invocations=12 (full 0):
 garbage-first heap   total 120832K, used 43908K [0x000000070b200000, 0x0000000800000000)
  region size 2048K, 2 young (4096K), 2 survivors (4096K)
 Metaspace       used 52932K, committed 53632K, reserved 1114112K
  class space    used 6852K, committed 7168K, reserved 1048576K
}
Event: 8.216 GC heap before
{Heap before GC invocations=12 (full 0):
 garbage-first heap   total 120832K, used 66436K [0x000000070b200000, 0x0000000800000000)
  region size 2048K, 14 young (28672K), 2 survivors (4096K)
 Metaspace       used 59523K, committed 60096K, reserved 1114112K
  class space    used 7743K, committed 8000K, reserved 1048576K
}
Event: 8.220 GC heap after
{Heap after GC invocations=13 (full 0):
 garbage-first heap   total 120832K, used 45657K [0x000000070b200000, 0x0000000800000000)
  region size 2048K, 3 young (6144K), 3 survivors (6144K)
 Metaspace       used 59523K, committed 60096K, reserved 1114112K
  class space    used 7743K, committed 8000K, reserved 1048576K
}
Event: 8.883 GC heap before
{Heap before GC invocations=14 (full 0):
 garbage-first heap   total 120832K, used 100953K [0x000000070b200000, 0x0000000800000000)
  region size 2048K, 31 young (63488K), 3 survivors (6144K)
 Metaspace       used 73288K, committed 73984K, reserved 1114112K
  class space    used 9725K, committed 10048K, reserved 1048576K
}
Event: 8.886 GC heap after
{Heap after GC invocations=15 (full 0):
 garbage-first heap   total 120832K, used 49312K [0x000000070b200000, 0x0000000800000000)
  region size 2048K, 3 young (6144K), 3 survivors (6144K)
 Metaspace       used 73288K, committed 73984K, reserved 1114112K
  class space    used 9725K, committed 10048K, reserved 1048576K
}
Event: 9.383 GC heap before
{Heap before GC invocations=15 (full 0):
 garbage-first heap   total 120832K, used 104608K [0x000000070b200000, 0x0000000800000000)
  region size 2048K, 30 young (61440K), 3 survivors (6144K)
 Metaspace       used 76151K, committed 76928K, reserved 1179648K
  class space    used 10150K, committed 10496K, reserved 1048576K
}
Event: 9.389 GC heap after
{Heap after GC invocations=16 (full 0):
 garbage-first heap   total 120832K, used 51273K [0x000000070b200000, 0x0000000800000000)
  region size 2048K, 4 young (8192K), 4 survivors (8192K)
 Metaspace       used 76151K, committed 76928K, reserved 1179648K
  class space    used 10150K, committed 10496K, reserved 1048576K
}
Event: 11.080 GC heap before
{Heap before GC invocations=16 (full 0):
 garbage-first heap   total 120832K, used 102473K [0x000000070b200000, 0x0000000800000000)
  region size 2048K, 29 young (59392K), 4 survivors (8192K)
 Metaspace       used 77898K, committed 78720K, reserved 1179648K
  class space    used 10407K, committed 10752K, reserved 1048576K
}
Event: 11.085 GC heap after
{Heap after GC invocations=17 (full 0):
 garbage-first heap   total 145408K, used 54139K [0x000000070b200000, 0x0000000800000000)
  region size 2048K, 4 young (8192K), 4 survivors (8192K)
 Metaspace       used 77898K, committed 78720K, reserved 1179648K
  class space    used 10407K, committed 10752K, reserved 1048576K
}
Event: 11.714 GC heap before
{Heap before GC invocations=17 (full 0):
 garbage-first heap   total 145408K, used 123771K [0x000000070b200000, 0x0000000800000000)
  region size 2048K, 38 young (77824K), 4 survivors (8192K)
 Metaspace       used 79117K, committed 80000K, reserved 1179648K
  class space    used 10601K, committed 11008K, reserved 1048576K
}
Event: 11.719 GC heap after
{Heap after GC invocations=18 (full 0):
 garbage-first heap   total 145408K, used 57686K [0x000000070b200000, 0x0000000800000000)
  region size 2048K, 4 young (8192K), 4 survivors (8192K)
 Metaspace       used 79117K, committed 80000K, reserved 1179648K
  class space    used 10601K, committed 11008K, reserved 1048576K
}
Event: 12.351 GC heap before
{Heap before GC invocations=18 (full 0):
 garbage-first heap   total 145408K, used 123222K [0x000000070b200000, 0x0000000800000000)
  region size 2048K, 36 young (73728K), 4 survivors (8192K)
 Metaspace       used 81292K, committed 82176K, reserved 1179648K
  class space    used 10915K, committed 11328K, reserved 1048576K
}
Event: 12.356 GC heap after
{Heap after GC invocations=19 (full 0):
 garbage-first heap   total 145408K, used 60342K [0x000000070b200000, 0x0000000800000000)
  region size 2048K, 4 young (8192K), 4 survivors (8192K)
 Metaspace       used 81292K, committed 82176K, reserved 1179648K
  class space    used 10915K, committed 11328K, reserved 1048576K
}
Event: 12.949 GC heap before
{Heap before GC invocations=20 (full 0):
 garbage-first heap   total 145408K, used 123830K [0x000000070b200000, 0x0000000800000000)
  region size 2048K, 35 young (71680K), 4 survivors (8192K)
 Metaspace       used 82055K, committed 83008K, reserved 1179648K
  class space    used 11075K, committed 11520K, reserved 1048576K
}
Event: 12.954 GC heap after
{Heap after GC invocations=21 (full 0):
 garbage-first heap   total 145408K, used 62974K [0x000000070b200000, 0x0000000800000000)
  region size 2048K, 3 young (6144K), 3 survivors (6144K)
 Metaspace       used 82055K, committed 83008K, reserved 1179648K
  class space    used 11075K, committed 11520K, reserved 1048576K
}

