# JRE version: Java(TM) SE Runtime Environment (21.0.6+8) (build 21.0.6+8-LTS-188)
# Java VM: Java HotSpot(TM) 64-Bit Server VM (21.0.6+8-LTS-188, mixed mode, sharing, tiered, compressed oops, compressed class ptrs, g1 gc, windows-amd64)
GC Precious Log:
 CardTable entry size: 512
 Card Set container configuration: InlinePtr #cards 4 size 8 Array Of Cards #cards 16 size 48 Howl #buckets 8 coarsen threshold 3686 Howl Bitmap #cards 512 size 80 coarsen threshold 460 Card regions per heap region 1 cards per card region 4096
 CPUs: 16 total, 16 available
 Memory: 15664M
 Large Page Support: Disabled
 NUMA Support: Disabled
 Compressed Oops: Enabled (Zero based)
 Heap Region Size: 2M
 Heap Min Capacity: 8M
 Heap Initial Capacity: 246M
 Heap Max Capacity: 3918M
 Pre-touch: Disabled
 Parallel Workers: 13
 Concurrent Workers: 3
 Concurrent Refinement Workers: 13
 Periodic GC: Disabled
Heap:
 garbage-first heap   total 110592K, used 65114K [0x000000070b200000, 0x0000000800000000)
  region size 2048K, 20 young (40960K), 4 survivors (8192K)
 Metaspace       used 46281K, committed 46848K, reserved 1114112K
  class space    used 5896K, committed 6144K, reserved 1048576K
GC Heap History (18 events):
Event: 0.583 GC heap before
{Heap before GC invocations=0 (full 0):
 garbage-first heap   total 251904K, used 20480K [0x000000070b200000, 0x0000000800000000)
  region size 2048K, 11 young (22528K), 0 survivors (0K)
 Metaspace       used 2985K, committed 3200K, reserved 1114112K
  class space    used 289K, committed 384K, reserved 1048576K
}
Event: 0.589 GC heap after
{Heap after GC invocations=1 (full 0):
 garbage-first heap   total 251904K, used 10427K [0x000000070b200000, 0x0000000800000000)
  region size 2048K, 2 young (4096K), 2 survivors (4096K)
 Metaspace       used 2985K, committed 3200K, reserved 1114112K
  class space    used 289K, committed 384K, reserved 1048576K
}
Event: 0.820 GC heap before
{Heap before GC invocations=1 (full 0):
 garbage-first heap   total 251904K, used 26811K [0x000000070b200000, 0x0000000800000000)
  region size 2048K, 11 young (22528K), 2 survivors (4096K)
 Metaspace       used 5246K, committed 5440K, reserved 1114112K
  class space    used 519K, committed 640K, reserved 1048576K
}
Event: 0.826 GC heap after
{Heap after GC invocations=2 (full 0):
 garbage-first heap   total 251904K, used 14162K [0x000000070b200000, 0x0000000800000000)
  region size 2048K, 2 young (4096K), 2 survivors (4096K)
 Metaspace       used 5246K, committed 5440K, reserved 1114112K
  class space    used 519K, committed 640K, reserved 1048576K
}
Event: 1.698 GC heap before
{Heap before GC invocations=2 (full 0):
 garbage-first heap   total 251904K, used 63314K [0x000000070b200000, 0x0000000800000000)
  region size 2048K, 27 young (55296K), 2 survivors (4096K)
 Metaspace       used 16709K, committed 17088K, reserved 1114112K
  class space    used 1930K, committed 2112K, reserved 1048576K
}
Event: 1.704 GC heap after
{Heap after GC invocations=3 (full 0):
 garbage-first heap   total 251904K, used 17821K [0x000000070b200000, 0x0000000800000000)
  region size 2048K, 4 young (8192K), 4 survivors (8192K)
 Metaspace       used 16709K, committed 17088K, reserved 1114112K
  class space    used 1930K, committed 2112K, reserved 1048576K
}
Event: 3.701 GC heap before
{Heap before GC invocations=3 (full 0):
 garbage-first heap   total 251904K, used 36253K [0x000000070b200000, 0x0000000800000000)
  region size 2048K, 14 young (28672K), 4 survivors (8192K)
 Metaspace       used 21104K, committed 21504K, reserved 1114112K
  class space    used 2519K, committed 2752K, reserved 1048576K
}
Event: 3.705 GC heap after
{Heap after GC invocations=4 (full 0):
 garbage-first heap   total 251904K, used 18777K [0x000000070b200000, 0x0000000800000000)
  region size 2048K, 5 young (10240K), 5 survivors (10240K)
 Metaspace       used 21104K, committed 21504K, reserved 1114112K
  class space    used 2519K, committed 2752K, reserved 1048576K
}
Event: 4.363 GC heap before
{Heap before GC invocations=5 (full 0):
 garbage-first heap   total 75776K, used 74073K [0x000000070b200000, 0x0000000800000000)
  region size 2048K, 32 young (65536K), 5 survivors (10240K)
 Metaspace       used 28910K, committed 29312K, reserved 1114112K
  class space    used 3533K, committed 3712K, reserved 1048576K
}
Event: 4.368 GC heap after
{Heap after GC invocations=6 (full 0):
 garbage-first heap   total 92160K, used 24900K [0x000000070b200000, 0x0000000800000000)
  region size 2048K, 8 young (16384K), 8 survivors (16384K)
 Metaspace       used 28910K, committed 29312K, reserved 1114112K
  class space    used 3533K, committed 3712K, reserved 1048576K
}
Event: 4.836 GC heap before
{Heap before GC invocations=6 (full 0):
 garbage-first heap   total 92160K, used 63812K [0x000000070b200000, 0x0000000800000000)
  region size 2048K, 27 young (55296K), 8 survivors (16384K)
 Metaspace       used 31864K, committed 32256K, reserved 1114112K
  class space    used 3923K, committed 4096K, reserved 1048576K
}
Event: 4.842 GC heap after
{Heap after GC invocations=7 (full 0):
 garbage-first heap   total 92160K, used 26282K [0x000000070b200000, 0x0000000800000000)
  region size 2048K, 2 young (4096K), 2 survivors (4096K)
 Metaspace       used 31864K, committed 32256K, reserved 1114112K
  class space    used 3923K, committed 4096K, reserved 1048576K
}
Event: 5.723 GC heap before
{Heap before GC invocations=7 (full 0):
 garbage-first heap   total 92160K, used 54954K [0x000000070b200000, 0x0000000800000000)
  region size 2048K, 17 young (34816K), 2 survivors (4096K)
 Metaspace       used 35567K, committed 35968K, reserved 1114112K
  class space    used 4544K, committed 4736K, reserved 1048576K
}
Event: 5.728 GC heap after
{Heap after GC invocations=8 (full 0):
 garbage-first heap   total 92160K, used 27466K [0x000000070b200000, 0x0000000800000000)
  region size 2048K, 3 young (6144K), 3 survivors (6144K)
 Metaspace       used 35567K, committed 35968K, reserved 1114112K
  class space    used 4544K, committed 4736K, reserved 1048576K
}
Event: 6.797 GC heap before
{Heap before GC invocations=9 (full 0):
 garbage-first heap   total 92160K, used 76618K [0x000000070b200000, 0x0000000800000000)
  region size 2048K, 27 young (55296K), 3 survivors (6144K)
 Metaspace       used 41916K, committed 42368K, reserved 1114112K
  class space    used 5348K, committed 5568K, reserved 1048576K
}
Event: 6.804 GC heap after
{Heap after GC invocations=10 (full 0):
 garbage-first heap   total 110592K, used 30654K [0x000000070b200000, 0x0000000800000000)
  region size 2048K, 3 young (6144K), 3 survivors (6144K)
 Metaspace       used 41916K, committed 42368K, reserved 1114112K
  class space    used 5348K, committed 5568K, reserved 1048576K
}
Event: 7.482 GC heap before
{Heap before GC invocations=10 (full 0):
 garbage-first heap   total 110592K, used 87998K [0x000000070b200000, 0x0000000800000000)
  region size 2048K, 32 young (65536K), 3 survivors (6144K)
 Metaspace       used 45016K, committed 45568K, reserved 1114112K
  class space    used 5724K, committed 5952K, reserved 1048576K
}
Event: 7.490 GC heap after
{Heap after GC invocations=11 (full 0):
 garbage-first heap   total 110592K, used 36442K [0x000000070b200000, 0x0000000800000000)
  region size 2048K, 4 young (8192K), 4 survivors (8192K)
 Metaspace       used 45016K, committed 45568K, reserved 1114112K
  class space    used 5724K, committed 5952K, reserved 1048576K
}

