# JRE version: Java(TM) SE Runtime Environment (21.0.6+8) (build 21.0.6+8-LTS-188)
# Java VM: Java HotSpot(TM) 64-Bit Server VM (21.0.6+8-LTS-188, mixed mode, sharing, tiered, compressed oops, compressed class ptrs, g1 gc, windows-amd64)
GC Precious Log:
 CardTable entry size: 512
 Card Set container configuration: InlinePtr #cards 4 size 8 Array Of Cards #cards 16 size 48 Howl #buckets 8 coarsen threshold 3686 Howl Bitmap #cards 512 size 80 coarsen threshold 460 Card regions per heap region 1 cards per card region 4096
 CPUs: 16 total, 16 available
 Memory: 15664M
 Large Page Support: Disabled
 NUMA Support: Disabled
 Compressed Oops: Enabled (Zero based)
 Heap Region Size: 2M
 Heap Min Capacity: 8M
 Heap Initial Capacity: 246M
 Heap Max Capacity: 3918M
 Pre-touch: Disabled
 Parallel Workers: 13
 Concurrent Workers: 3
 Concurrent Refinement Workers: 13
 Periodic GC: Disabled
Heap:
 garbage-first heap   total 139264K, used 58412K [0x000000070b200000, 0x0000000800000000)
  region size 2048K, 6 young (12288K), 3 survivors (6144K)
 Metaspace       used 79408K, committed 80192K, reserved 1179648K
  class space    used 10604K, committed 10944K, reserved 1048576K
GC Heap History (20 events):
Event: 4.183 GC heap before
{Heap before GC invocations=6 (full 0):
 garbage-first heap   total 94208K, used 68210K [0x000000070b200000, 0x0000000800000000)
  region size 2048K, 27 young (55296K), 6 survivors (12288K)
 Metaspace       used 32801K, committed 33280K, reserved 1114112K
  class space    used 4050K, committed 4288K, reserved 1048576K
}
Event: 4.189 GC heap after
{Heap after GC invocations=7 (full 0):
 garbage-first heap   total 94208K, used 27815K [0x000000070b200000, 0x0000000800000000)
  region size 2048K, 2 young (4096K), 2 survivors (4096K)
 Metaspace       used 32801K, committed 33280K, reserved 1114112K
  class space    used 4050K, committed 4288K, reserved 1048576K
}
Event: 4.601 GC heap before
{Heap before GC invocations=7 (full 0):
 garbage-first heap   total 94208K, used 50343K [0x000000070b200000, 0x0000000800000000)
  region size 2048K, 14 young (28672K), 2 survivors (4096K)
 Metaspace       used 35710K, committed 36096K, reserved 1114112K
  class space    used 4569K, committed 4736K, reserved 1048576K
}
Event: 4.603 GC heap after
{Heap after GC invocations=8 (full 0):
 garbage-first heap   total 94208K, used 28513K [0x000000070b200000, 0x0000000800000000)
  region size 2048K, 3 young (6144K), 3 survivors (6144K)
 Metaspace       used 35710K, committed 36096K, reserved 1114112K
  class space    used 4569K, committed 4736K, reserved 1048576K
}
Event: 5.253 GC heap before
{Heap before GC invocations=9 (full 0):
 garbage-first heap   total 94208K, used 75617K [0x000000070b200000, 0x0000000800000000)
  region size 2048K, 26 young (53248K), 3 survivors (6144K)
 Metaspace       used 41916K, committed 42496K, reserved 1114112K
  class space    used 5349K, committed 5632K, reserved 1048576K
}
Event: 5.257 GC heap after
{Heap after GC invocations=10 (full 0):
 garbage-first heap   total 114688K, used 31810K [0x000000070b200000, 0x0000000800000000)
  region size 2048K, 3 young (6144K), 3 survivors (6144K)
 Metaspace       used 41916K, committed 42496K, reserved 1114112K
  class space    used 5349K, committed 5632K, reserved 1048576K
}
Event: 5.783 GC heap before
{Heap before GC invocations=10 (full 0):
 garbage-first heap   total 114688K, used 91202K [0x000000070b200000, 0x0000000800000000)
  region size 2048K, 33 young (67584K), 3 survivors (6144K)
 Metaspace       used 44997K, committed 45504K, reserved 1114112K
  class space    used 5724K, committed 5952K, reserved 1048576K
}
Event: 5.791 GC heap after
{Heap after GC invocations=11 (full 0):
 garbage-first heap   total 114688K, used 38225K [0x000000070b200000, 0x0000000800000000)
  region size 2048K, 5 young (10240K), 5 survivors (10240K)
 Metaspace       used 44997K, committed 45504K, reserved 1114112K
  class space    used 5724K, committed 5952K, reserved 1048576K
}
Event: 6.320 GC heap before
{Heap before GC invocations=11 (full 0):
 garbage-first heap   total 114688K, used 95569K [0x000000070b200000, 0x0000000800000000)
  region size 2048K, 33 young (67584K), 5 survivors (10240K)
 Metaspace       used 47602K, committed 48192K, reserved 1114112K
  class space    used 6081K, committed 6336K, reserved 1048576K
}
Event: 6.325 GC heap after
{Heap after GC invocations=12 (full 0):
 garbage-first heap   total 114688K, used 40600K [0x000000070b200000, 0x0000000800000000)
  region size 2048K, 2 young (4096K), 2 survivors (4096K)
 Metaspace       used 47602K, committed 48192K, reserved 1114112K
  class space    used 6081K, committed 6336K, reserved 1048576K
}
Event: 7.079 GC heap before
{Heap before GC invocations=12 (full 0):
 garbage-first heap   total 114688K, used 91800K [0x000000070b200000, 0x0000000800000000)
  region size 2048K, 28 young (57344K), 2 survivors (4096K)
 Metaspace       used 59804K, committed 60416K, reserved 1114112K
  class space    used 7791K, committed 8064K, reserved 1048576K
}
Event: 7.082 GC heap after
{Heap after GC invocations=13 (full 0):
 garbage-first heap   total 114688K, used 43411K [0x000000070b200000, 0x0000000800000000)
  region size 2048K, 4 young (8192K), 4 survivors (8192K)
 Metaspace       used 59804K, committed 60416K, reserved 1114112K
  class space    used 7791K, committed 8064K, reserved 1048576K
}
Event: 7.729 GC heap before
{Heap before GC invocations=14 (full 0):
 garbage-first heap   total 114688K, used 92563K [0x000000070b200000, 0x0000000800000000)
  region size 2048K, 29 young (59392K), 4 survivors (8192K)
 Metaspace       used 72753K, committed 73472K, reserved 1114112K
  class space    used 9691K, committed 10048K, reserved 1048576K
}
Event: 7.733 GC heap after
{Heap after GC invocations=15 (full 0):
 garbage-first heap   total 114688K, used 46794K [0x000000070b200000, 0x0000000800000000)
  region size 2048K, 4 young (8192K), 4 survivors (8192K)
 Metaspace       used 72753K, committed 73472K, reserved 1114112K
  class space    used 9691K, committed 10048K, reserved 1048576K
}
Event: 8.160 GC heap before
{Heap before GC invocations=15 (full 0):
 garbage-first heap   total 114688K, used 95946K [0x000000070b200000, 0x0000000800000000)
  region size 2048K, 28 young (57344K), 4 survivors (8192K)
 Metaspace       used 76797K, committed 77568K, reserved 1179648K
  class space    used 10215K, committed 10560K, reserved 1048576K
}
Event: 8.165 GC heap after
{Heap after GC invocations=16 (full 0):
 garbage-first heap   total 114688K, used 49264K [0x000000070b200000, 0x0000000800000000)
  region size 2048K, 4 young (8192K), 4 survivors (8192K)
 Metaspace       used 76797K, committed 77568K, reserved 1179648K
  class space    used 10215K, committed 10560K, reserved 1048576K
}
Event: 8.454 GC heap before
{Heap before GC invocations=16 (full 0):
 garbage-first heap   total 114688K, used 96368K [0x000000070b200000, 0x0000000800000000)
  region size 2048K, 27 young (55296K), 4 survivors (8192K)
 Metaspace       used 78490K, committed 79232K, reserved 1179648K
  class space    used 10442K, committed 10816K, reserved 1048576K
}
Event: 8.458 GC heap after
{Heap after GC invocations=17 (full 0):
 garbage-first heap   total 114688K, used 52137K [0x000000070b200000, 0x0000000800000000)
  region size 2048K, 3 young (6144K), 3 survivors (6144K)
 Metaspace       used 78490K, committed 79232K, reserved 1179648K
  class space    used 10442K, committed 10816K, reserved 1048576K
}
Event: 9.718 GC heap before
{Heap before GC invocations=17 (full 0):
 garbage-first heap   total 114688K, used 99241K [0x000000070b200000, 0x0000000800000000)
  region size 2048K, 26 young (53248K), 3 survivors (6144K)
 Metaspace       used 79319K, committed 80128K, reserved 1179648K
  class space    used 10572K, committed 10944K, reserved 1048576K
}
Event: 9.722 GC heap after
{Heap after GC invocations=18 (full 0):
 garbage-first heap   total 139264K, used 54316K [0x000000070b200000, 0x0000000800000000)
  region size 2048K, 3 young (6144K), 3 survivors (6144K)
 Metaspace       used 79319K, committed 80128K, reserved 1179648K
  class space    used 10572K, committed 10944K, reserved 1048576K
}

